2026-07-06 00:40:46.248799 ==============================================================================
2026-07-06 00:40:46.278168 Suites
2026-07-06 00:40:46.278213 ==============================================================================
2026-07-06 00:40:46.278241 Suites.Ui
2026-07-06 00:40:46.279258 ==============================================================================
2026-07-06 00:40:46.533046 Suites.Ui.04 Login
2026-07-06 00:40:46.545650 ==============================================================================
2026-07-06 00:40:49.943617 Login Exitoso Con Usuario Valido                                      | PASS |
2026-07-06 00:40:49.988575 ------------------------------------------------------------------------------
2026-07-06 00:40:51.992558 Login Fallido Con Usuario Bloqueado                                   | PASS |
2026-07-06 00:40:52.024088 ------------------------------------------------------------------------------
2026-07-06 00:40:52.024548 Suites.Ui.04 Login                                                    | PASS |
2026-07-06 00:40:52.026281 2 tests, 2 passed, 0 failed
2026-07-06 00:40:52.026562 ==============================================================================
2026-07-06 00:40:52.026632 Suites.Ui                                                             | PASS |
2026-07-06 00:40:52.028173 2 tests, 2 passed, 0 failed
2026-07-06 00:40:52.028299 ==============================================================================
2026-07-06 00:40:52.028332 Suites                                                                | PASS |
2026-07-06 00:40:52.029573 2 tests, 2 passed, 0 failed
2026-07-06 00:40:52.029857 ==============================================================================
2026-07-06 00:40:52.029890 Output:  C:\Users\ADMIN\Downloads\robotframework-labs\lab7partelll\resultados\pabot_results\1\output.xml
