2026-07-06 00:40:46.248874 ==============================================================================
2026-07-06 00:40:46.268631 Suites
2026-07-06 00:40:46.268684 ==============================================================================
2026-07-06 00:40:46.268718 Suites.Api
2026-07-06 00:40:46.269415 ==============================================================================
2026-07-06 00:40:46.329019 Suites.Api.06 Api Tests
2026-07-06 00:40:46.387594 ==============================================================================
2026-07-06 00:40:46.874058 Obtener Lista De Usuarios                                             | PASS |
2026-07-06 00:40:46.874058 C:\Users\ADMIN\Downloads\robotframework-labs\venv\Lib\site-packages\urllib3\connectionpool.py:1110: InsecureRequestWarning: Unverified HTTPS request is being made to host 'reqres.in'. Adding certificate verification is strongly advised. See: https://urllib3.readthedocs.io/en/latest/advanced-usage.html#tls-warnings
2026-07-06 00:40:46.902298 ------------------------------------------------------------------------------
2026-07-06 00:40:46.902298   warnings.warn(
2026-07-06 00:40:47.448600 Crear Nuevo Usuario                                                   | PASS |
2026-07-06 00:40:47.448600 C:\Users\ADMIN\Downloads\robotframework-labs\venv\Lib\site-packages\urllib3\connectionpool.py:1110: InsecureRequestWarning: Unverified HTTPS request is being made to host 'reqres.in'. Adding certificate verification is strongly advised. See: https://urllib3.readthedocs.io/en/latest/advanced-usage.html#tls-warnings
2026-07-06 00:40:47.488821 ------------------------------------------------------------------------------
2026-07-06 00:40:47.488821   warnings.warn(
2026-07-06 00:40:47.982572 Obtener Usuario Inexistente                                           | PASS |
2026-07-06 00:40:47.982572 C:\Users\ADMIN\Downloads\robotframework-labs\venv\Lib\site-packages\urllib3\connectionpool.py:1110: InsecureRequestWarning: Unverified HTTPS request is being made to host 'reqres.in'. Adding certificate verification is strongly advised. See: https://urllib3.readthedocs.io/en/latest/advanced-usage.html#tls-warnings
2026-07-06 00:40:48.014736 ------------------------------------------------------------------------------
2026-07-06 00:40:48.014736   warnings.warn(
2026-07-06 00:40:48.014771 Suites.Api.06 Api Tests                                               | PASS |
2026-07-06 00:40:48.015342 3 tests, 3 passed, 0 failed
2026-07-06 00:40:48.015363 ==============================================================================
2026-07-06 00:40:48.015376 Suites.Api                                                            | PASS |
2026-07-06 00:40:48.016526 3 tests, 3 passed, 0 failed
2026-07-06 00:40:48.016547 ==============================================================================
2026-07-06 00:40:48.016563 Suites                                                                | PASS |
2026-07-06 00:40:48.017900 3 tests, 3 passed, 0 failed
2026-07-06 00:40:48.017940 ==============================================================================
2026-07-06 00:40:48.017959 Output:  C:\Users\ADMIN\Downloads\robotframework-labs\lab7partelll\resultados\pabot_results\0\output.xml
